<?xml version="1.0" encoding="UTF-8"?>
<!-- Generated by org.testng.reporters.JUnitXMLReporter -->
<testsuite hostname="PC" name="Default test" tests="23" failures="0" timestamp="13 Jul 2015 11:38:29 GMT" time="0.06" errors="0">
  <testcase name="addToMemory" time="0.01" classname="com.comarch.training.PositiveCases"/>
  <testcase name="addingTest" time="0.0" classname="com.comarch.training.PositiveCases"/>
  <testcase name="addingTest" time="0.0" classname="com.comarch.training.PositiveCases"/>
  <testcase name="addingTest" time="0.0" classname="com.comarch.training.PositiveCases"/>
  <testcase name="addingTest" time="0.01" classname="com.comarch.training.PositiveCases"/>
  <testcase name="addingTest" time="0.0" classname="com.comarch.training.PositiveCases"/>
  <testcase name="divideTest" time="0.0" classname="com.comarch.training.PositiveCases"/>
  <testcase name="divideTest" time="0.0" classname="com.comarch.training.PositiveCases"/>
  <testcase name="divideTest" time="0.01" classname="com.comarch.training.PositiveCases"/>
  <testcase name="divideTest" time="0.0" classname="com.comarch.training.PositiveCases"/>
  <testcase name="divideTest" time="0.0" classname="com.comarch.training.PositiveCases"/>
  <testcase name="getMemory" time="0.0" classname="com.comarch.training.PositiveCases"/>
  <testcase name="minusTest" time="0.0" classname="com.comarch.training.PositiveCases"/>
  <testcase name="minusTest" time="0.0" classname="com.comarch.training.PositiveCases"/>
  <testcase name="minusTest" time="0.0" classname="com.comarch.training.PositiveCases"/>
  <testcase name="minusTest" time="0.0" classname="com.comarch.training.PositiveCases"/>
  <testcase name="minusTest" time="0.0" classname="com.comarch.training.PositiveCases"/>
  <testcase name="multiplyTest" time="0.0" classname="com.comarch.training.PositiveCases"/>
  <testcase name="multiplyTest" time="0.0" classname="com.comarch.training.PositiveCases"/>
  <testcase name="multiplyTest" time="0.0" classname="com.comarch.training.PositiveCases"/>
  <testcase name="multiplyTest" time="0.0" classname="com.comarch.training.PositiveCases"/>
  <testcase name="multiplyTest" time="0.0" classname="com.comarch.training.PositiveCases"/>
  <testcase name="setMemory" time="0.0" classname="com.comarch.training.PositiveCases"/>
</testsuite> <!-- Default test -->
